mode: set
github.com/TykTechnologies/portal-go/apps.go:35.99,37.16 2 0
github.com/TykTechnologies/portal-go/apps.go:37.16,39.3 1 0
github.com/TykTechnologies/portal-go/apps.go:41.2,42.16 2 0
github.com/TykTechnologies/portal-go/apps.go:42.16,44.3 1 0
github.com/TykTechnologies/portal-go/apps.go:46.2,48.45 2 0
github.com/TykTechnologies/portal-go/apps.go:48.45,50.3 1 0
github.com/TykTechnologies/portal-go/apps.go:52.2,54.8 1 0
github.com/TykTechnologies/portal-go/apps.go:57.89,59.16 2 0
github.com/TykTechnologies/portal-go/apps.go:59.16,61.3 1 0
github.com/TykTechnologies/portal-go/apps.go:63.2,64.45 2 0
github.com/TykTechnologies/portal-go/apps.go:64.45,66.3 1 0
github.com/TykTechnologies/portal-go/apps.go:68.2,70.8 1 0
github.com/TykTechnologies/portal-go/apps.go:73.98,75.16 2 0
github.com/TykTechnologies/portal-go/apps.go:75.16,77.3 1 0
github.com/TykTechnologies/portal-go/apps.go:79.2,80.48 2 0
github.com/TykTechnologies/portal-go/apps.go:80.48,82.3 1 0
github.com/TykTechnologies/portal-go/apps.go:84.2,86.8 1 0
github.com/TykTechnologies/portal-go/apps.go:90.86,92.16 2 1
github.com/TykTechnologies/portal-go/apps.go:92.16,94.3 1 0
github.com/TykTechnologies/portal-go/apps.go:96.2,98.45 2 1
github.com/TykTechnologies/portal-go/apps.go:98.45,100.3 1 0
github.com/TykTechnologies/portal-go/apps.go:102.2,104.8 1 1
github.com/TykTechnologies/portal-go/apps.go:107.94,109.16 2 0
github.com/TykTechnologies/portal-go/apps.go:109.16,111.3 1 0
github.com/TykTechnologies/portal-go/apps.go:113.2,115.45 2 0
github.com/TykTechnologies/portal-go/apps.go:115.45,117.3 1 0
github.com/TykTechnologies/portal-go/apps.go:119.2,121.8 1 0
github.com/TykTechnologies/portal-go/ars.go:34.86,36.16 2 0
github.com/TykTechnologies/portal-go/ars.go:36.16,38.3 1 0
github.com/TykTechnologies/portal-go/ars.go:40.2,41.44 2 0
github.com/TykTechnologies/portal-go/ars.go:41.44,43.3 1 0
github.com/TykTechnologies/portal-go/ars.go:45.2,47.8 1 0
github.com/TykTechnologies/portal-go/ars.go:51.83,53.16 2 0
github.com/TykTechnologies/portal-go/ars.go:53.16,55.3 1 0
github.com/TykTechnologies/portal-go/ars.go:57.2,59.45 2 0
github.com/TykTechnologies/portal-go/ars.go:59.45,61.3 1 0
github.com/TykTechnologies/portal-go/ars.go:63.2,65.8 1 0
github.com/TykTechnologies/portal-go/ars.go:74.94,76.16 2 0
github.com/TykTechnologies/portal-go/ars.go:76.16,78.3 1 0
github.com/TykTechnologies/portal-go/ars.go:80.2,82.44 2 0
github.com/TykTechnologies/portal-go/ars.go:82.44,84.3 1 0
github.com/TykTechnologies/portal-go/ars.go:86.2,88.8 1 0
github.com/TykTechnologies/portal-go/ars.go:92.93,94.16 2 0
github.com/TykTechnologies/portal-go/ars.go:94.16,96.3 1 0
github.com/TykTechnologies/portal-go/ars.go:98.2,100.44 2 0
github.com/TykTechnologies/portal-go/ars.go:100.44,102.3 1 0
github.com/TykTechnologies/portal-go/ars.go:104.2,106.8 1 0
github.com/TykTechnologies/portal-go/ars.go:110.93,112.16 2 0
github.com/TykTechnologies/portal-go/ars.go:112.16,114.3 1 0
github.com/TykTechnologies/portal-go/ars.go:116.2,117.44 2 0
github.com/TykTechnologies/portal-go/ars.go:117.44,119.3 1 0
github.com/TykTechnologies/portal-go/ars.go:121.2,123.8 1 0
github.com/TykTechnologies/portal-go/catalogs.go:30.127,32.16 2 0
github.com/TykTechnologies/portal-go/catalogs.go:32.16,34.3 1 0
github.com/TykTechnologies/portal-go/catalogs.go:36.2,37.16 2 0
github.com/TykTechnologies/portal-go/catalogs.go:37.16,39.3 1 0
github.com/TykTechnologies/portal-go/catalogs.go:41.2,43.49 2 0
github.com/TykTechnologies/portal-go/catalogs.go:43.49,45.3 1 0
github.com/TykTechnologies/portal-go/catalogs.go:47.2,49.8 1 0
github.com/TykTechnologies/portal-go/catalogs.go:52.104,54.16 2 0
github.com/TykTechnologies/portal-go/catalogs.go:54.16,56.3 1 0
github.com/TykTechnologies/portal-go/catalogs.go:58.2,59.49 2 0
github.com/TykTechnologies/portal-go/catalogs.go:59.49,61.3 1 0
github.com/TykTechnologies/portal-go/catalogs.go:63.2,65.8 1 0
github.com/TykTechnologies/portal-go/catalogs.go:68.126,70.16 2 0
github.com/TykTechnologies/portal-go/catalogs.go:70.16,72.3 1 0
github.com/TykTechnologies/portal-go/catalogs.go:74.2,76.50 2 0
github.com/TykTechnologies/portal-go/catalogs.go:76.50,78.3 1 0
github.com/TykTechnologies/portal-go/catalogs.go:80.2,82.8 1 0
github.com/TykTechnologies/portal-go/catalogs.go:85.137,87.16 2 0
github.com/TykTechnologies/portal-go/catalogs.go:87.16,89.3 1 0
github.com/TykTechnologies/portal-go/catalogs.go:91.2,92.16 2 0
github.com/TykTechnologies/portal-go/catalogs.go:92.16,94.3 1 0
github.com/TykTechnologies/portal-go/catalogs.go:96.2,98.49 2 0
github.com/TykTechnologies/portal-go/catalogs.go:98.49,100.3 1 0
github.com/TykTechnologies/portal-go/catalogs.go:102.2,104.8 1 0
github.com/TykTechnologies/portal-go/errors.go:15.34,23.2 1 0
github.com/TykTechnologies/portal-go/errors.go:29.38,31.2 1 0
github.com/TykTechnologies/portal-go/orgs.go:39.111,41.16 2 0
github.com/TykTechnologies/portal-go/orgs.go:41.16,43.3 1 0
github.com/TykTechnologies/portal-go/orgs.go:45.2,45.41 1 0
github.com/TykTechnologies/portal-go/orgs.go:45.41,47.3 1 0
github.com/TykTechnologies/portal-go/orgs.go:49.2,50.16 2 0
github.com/TykTechnologies/portal-go/orgs.go:50.16,52.3 1 0
github.com/TykTechnologies/portal-go/orgs.go:54.2,56.45 2 0
github.com/TykTechnologies/portal-go/orgs.go:56.45,58.3 1 0
github.com/TykTechnologies/portal-go/orgs.go:60.2,62.8 1 0
github.com/TykTechnologies/portal-go/orgs.go:65.92,67.16 2 1
github.com/TykTechnologies/portal-go/orgs.go:67.16,69.3 1 0
github.com/TykTechnologies/portal-go/orgs.go:71.2,72.45 2 1
github.com/TykTechnologies/portal-go/orgs.go:72.45,74.3 1 0
github.com/TykTechnologies/portal-go/orgs.go:76.2,78.8 1 1
github.com/TykTechnologies/portal-go/orgs.go:81.110,83.16 2 0
github.com/TykTechnologies/portal-go/orgs.go:83.16,85.3 1 0
github.com/TykTechnologies/portal-go/orgs.go:87.2,89.46 2 0
github.com/TykTechnologies/portal-go/orgs.go:89.46,91.3 1 0
github.com/TykTechnologies/portal-go/orgs.go:93.2,95.8 1 0
github.com/TykTechnologies/portal-go/orgs.go:98.121,100.16 2 0
github.com/TykTechnologies/portal-go/orgs.go:100.16,102.3 1 0
github.com/TykTechnologies/portal-go/orgs.go:104.2,105.16 2 0
github.com/TykTechnologies/portal-go/orgs.go:105.16,107.3 1 0
github.com/TykTechnologies/portal-go/orgs.go:109.2,111.45 2 0
github.com/TykTechnologies/portal-go/orgs.go:111.45,113.3 1 0
github.com/TykTechnologies/portal-go/orgs.go:115.2,117.8 1 0
github.com/TykTechnologies/portal-go/orgs.go:120.98,122.16 2 0
github.com/TykTechnologies/portal-go/orgs.go:122.16,124.3 1 0
github.com/TykTechnologies/portal-go/orgs.go:126.2,126.29 1 0
github.com/TykTechnologies/portal-go/orgs.go:129.115,131.16 2 0
github.com/TykTechnologies/portal-go/orgs.go:131.16,133.3 1 0
github.com/TykTechnologies/portal-go/orgs.go:135.2,135.41 1 0
github.com/TykTechnologies/portal-go/orgs.go:135.41,137.3 1 0
github.com/TykTechnologies/portal-go/orgs.go:139.2,140.16 2 0
github.com/TykTechnologies/portal-go/orgs.go:140.16,142.3 1 0
github.com/TykTechnologies/portal-go/orgs.go:144.2,146.45 2 0
github.com/TykTechnologies/portal-go/orgs.go:146.45,148.3 1 0
github.com/TykTechnologies/portal-go/orgs.go:150.2,152.8 1 0
github.com/TykTechnologies/portal-go/orgs.go:155.102,157.16 2 0
github.com/TykTechnologies/portal-go/orgs.go:157.16,159.3 1 0
github.com/TykTechnologies/portal-go/orgs.go:161.2,162.45 2 0
github.com/TykTechnologies/portal-go/orgs.go:162.45,164.3 1 0
github.com/TykTechnologies/portal-go/orgs.go:166.2,168.8 1 0
github.com/TykTechnologies/portal-go/orgs.go:171.126,173.16 2 0
github.com/TykTechnologies/portal-go/orgs.go:173.16,175.3 1 0
github.com/TykTechnologies/portal-go/orgs.go:177.2,179.46 2 0
github.com/TykTechnologies/portal-go/orgs.go:179.46,181.3 1 0
github.com/TykTechnologies/portal-go/orgs.go:183.2,185.8 1 0
github.com/TykTechnologies/portal-go/orgs.go:188.123,190.16 2 0
github.com/TykTechnologies/portal-go/orgs.go:190.16,192.3 1 0
github.com/TykTechnologies/portal-go/orgs.go:194.2,195.16 2 0
github.com/TykTechnologies/portal-go/orgs.go:195.16,197.3 1 0
github.com/TykTechnologies/portal-go/orgs.go:199.2,201.45 2 0
github.com/TykTechnologies/portal-go/orgs.go:201.45,203.3 1 0
github.com/TykTechnologies/portal-go/orgs.go:205.2,207.8 1 0
github.com/TykTechnologies/portal-go/orgs.go:210.105,212.16 2 0
github.com/TykTechnologies/portal-go/orgs.go:212.16,214.3 1 0
github.com/TykTechnologies/portal-go/orgs.go:216.2,216.27 1 0
github.com/TykTechnologies/portal-go/orgs.go:224.36,225.18 1 0
github.com/TykTechnologies/portal-go/orgs.go:225.18,227.3 1 0
github.com/TykTechnologies/portal-go/orgs.go:229.2,229.12 1 0
github.com/TykTechnologies/portal-go/orgs.go:331.37,333.2 1 0
github.com/TykTechnologies/portal-go/pages.go:30.115,32.16 2 0
github.com/TykTechnologies/portal-go/pages.go:32.16,34.3 1 0
github.com/TykTechnologies/portal-go/pages.go:36.2,37.16 2 0
github.com/TykTechnologies/portal-go/pages.go:37.16,39.3 1 0
github.com/TykTechnologies/portal-go/pages.go:41.2,43.46 2 0
github.com/TykTechnologies/portal-go/pages.go:43.46,45.3 1 0
github.com/TykTechnologies/portal-go/pages.go:47.2,49.8 1 0
github.com/TykTechnologies/portal-go/pages.go:52.95,54.16 2 0
github.com/TykTechnologies/portal-go/pages.go:54.16,56.3 1 0
github.com/TykTechnologies/portal-go/pages.go:58.2,59.46 2 0
github.com/TykTechnologies/portal-go/pages.go:59.46,61.3 1 0
github.com/TykTechnologies/portal-go/pages.go:63.2,65.8 1 0
github.com/TykTechnologies/portal-go/pages.go:68.114,70.16 2 0
github.com/TykTechnologies/portal-go/pages.go:70.16,72.3 1 0
github.com/TykTechnologies/portal-go/pages.go:74.2,76.47 2 0
github.com/TykTechnologies/portal-go/pages.go:76.47,78.3 1 0
github.com/TykTechnologies/portal-go/pages.go:80.2,82.8 1 0
github.com/TykTechnologies/portal-go/pages.go:85.125,87.16 2 0
github.com/TykTechnologies/portal-go/pages.go:87.16,89.3 1 0
github.com/TykTechnologies/portal-go/pages.go:91.2,92.16 2 0
github.com/TykTechnologies/portal-go/pages.go:92.16,94.3 1 0
github.com/TykTechnologies/portal-go/pages.go:96.2,98.46 2 0
github.com/TykTechnologies/portal-go/pages.go:98.46,100.3 1 0
github.com/TykTechnologies/portal-go/pages.go:102.2,104.8 1 0
github.com/TykTechnologies/portal-go/plans.go:32.115,34.16 2 0
github.com/TykTechnologies/portal-go/plans.go:34.16,36.3 1 0
github.com/TykTechnologies/portal-go/plans.go:38.2,39.16 2 0
github.com/TykTechnologies/portal-go/plans.go:39.16,41.3 1 0
github.com/TykTechnologies/portal-go/plans.go:43.2,45.46 2 0
github.com/TykTechnologies/portal-go/plans.go:45.46,47.3 1 0
github.com/TykTechnologies/portal-go/plans.go:49.2,51.8 1 0
github.com/TykTechnologies/portal-go/plans.go:55.95,57.16 2 0
github.com/TykTechnologies/portal-go/plans.go:57.16,59.3 1 0
github.com/TykTechnologies/portal-go/plans.go:61.2,62.46 2 0
github.com/TykTechnologies/portal-go/plans.go:62.46,64.3 1 0
github.com/TykTechnologies/portal-go/plans.go:66.2,68.8 1 0
github.com/TykTechnologies/portal-go/plans.go:72.114,74.16 2 0
github.com/TykTechnologies/portal-go/plans.go:74.16,76.3 1 0
github.com/TykTechnologies/portal-go/plans.go:78.2,80.47 2 0
github.com/TykTechnologies/portal-go/plans.go:80.47,82.3 1 0
github.com/TykTechnologies/portal-go/plans.go:84.2,86.8 1 0
github.com/TykTechnologies/portal-go/plans.go:90.125,92.65 1 0
github.com/TykTechnologies/portal-go/plans.go:92.65,94.3 1 0
github.com/TykTechnologies/portal-go/plans.go:96.2,97.16 2 0
github.com/TykTechnologies/portal-go/plans.go:97.16,99.3 1 0
github.com/TykTechnologies/portal-go/plans.go:101.2,102.16 2 0
github.com/TykTechnologies/portal-go/plans.go:102.16,104.3 1 0
github.com/TykTechnologies/portal-go/plans.go:106.2,108.46 2 0
github.com/TykTechnologies/portal-go/plans.go:108.46,110.3 1 0
github.com/TykTechnologies/portal-go/plans.go:112.2,114.8 1 0
github.com/TykTechnologies/portal-go/portal.go:31.34,32.25 1 0
github.com/TykTechnologies/portal-go/portal.go:32.25,34.3 1 0
github.com/TykTechnologies/portal-go/portal.go:37.46,38.25 1 0
github.com/TykTechnologies/portal-go/portal.go:38.25,40.3 1 0
github.com/TykTechnologies/portal-go/portal.go:43.46,44.25 1 1
github.com/TykTechnologies/portal-go/portal.go:44.25,46.3 1 1
github.com/TykTechnologies/portal-go/portal.go:49.42,50.25 1 0
github.com/TykTechnologies/portal-go/portal.go:50.25,52.3 1 0
github.com/TykTechnologies/portal-go/portal.go:55.37,56.25 1 1
github.com/TykTechnologies/portal-go/portal.go:56.25,58.3 1 1
github.com/TykTechnologies/portal-go/portal.go:61.37,62.25 1 1
github.com/TykTechnologies/portal-go/portal.go:62.25,64.3 1 1
github.com/TykTechnologies/portal-go/portal.go:67.38,68.25 1 1
github.com/TykTechnologies/portal-go/portal.go:68.25,70.3 1 1
github.com/TykTechnologies/portal-go/portal.go:73.53,74.25 1 1
github.com/TykTechnologies/portal-go/portal.go:74.25,76.3 1 1
github.com/TykTechnologies/portal-go/portal.go:79.38,80.25 1 1
github.com/TykTechnologies/portal-go/portal.go:80.25,82.3 1 1
github.com/TykTechnologies/portal-go/portal.go:85.35,86.25 1 0
github.com/TykTechnologies/portal-go/portal.go:86.25,88.3 1 0
github.com/TykTechnologies/portal-go/portal.go:115.29,117.2 1 1
github.com/TykTechnologies/portal-go/portal.go:119.36,121.2 1 0
github.com/TykTechnologies/portal-go/portal.go:123.27,125.2 1 0
github.com/TykTechnologies/portal-go/portal.go:127.33,129.2 1 0
github.com/TykTechnologies/portal-go/portal.go:131.37,133.2 1 0
github.com/TykTechnologies/portal-go/portal.go:135.49,137.2 1 0
github.com/TykTechnologies/portal-go/portal.go:139.37,141.2 1 0
github.com/TykTechnologies/portal-go/portal.go:143.49,145.2 1 0
github.com/TykTechnologies/portal-go/portal.go:147.29,149.2 1 1
github.com/TykTechnologies/portal-go/portal.go:151.37,153.2 1 0
github.com/TykTechnologies/portal-go/portal.go:155.31,157.2 1 1
github.com/TykTechnologies/portal-go/portal.go:159.40,161.2 1 0
github.com/TykTechnologies/portal-go/portal.go:163.39,165.2 1 0
github.com/TykTechnologies/portal-go/portal.go:167.52,169.2 1 0
github.com/TykTechnologies/portal-go/portal.go:171.31,173.2 1 0
github.com/TykTechnologies/portal-go/portal.go:175.40,177.2 1 0
github.com/TykTechnologies/portal-go/portal.go:179.31,181.2 1 0
github.com/TykTechnologies/portal-go/portal.go:183.40,185.2 1 0
github.com/TykTechnologies/portal-go/portal.go:187.40,188.27 1 1
github.com/TykTechnologies/portal-go/portal.go:188.27,189.17 1 1
github.com/TykTechnologies/portal-go/portal.go:189.17,190.12 1 1
github.com/TykTechnologies/portal-go/portal.go:193.3,193.9 1 1
github.com/TykTechnologies/portal-go/portal.go:197.43,199.2 1 1
github.com/TykTechnologies/portal-go/portal.go:201.34,202.19 1 1
github.com/TykTechnologies/portal-go/portal.go:202.19,204.3 1 1
github.com/TykTechnologies/portal-go/portal.go:206.2,206.12 1 1
github.com/TykTechnologies/portal-go/portal.go:209.49,215.28 2 1
github.com/TykTechnologies/portal-go/portal.go:215.28,217.3 1 1
github.com/TykTechnologies/portal-go/portal.go:219.2,219.33 1 1
github.com/TykTechnologies/portal-go/portal.go:219.33,221.3 1 1
github.com/TykTechnologies/portal-go/portal.go:223.2,225.42 2 1
github.com/TykTechnologies/portal-go/portal.go:225.42,227.3 1 1
github.com/TykTechnologies/portal-go/portal.go:229.2,239.20 10 1
github.com/TykTechnologies/portal-go/portal.go:248.26,252.16 3 1
github.com/TykTechnologies/portal-go/portal.go:252.16,254.3 1 0
github.com/TykTechnologies/portal-go/portal.go:256.2,257.17 2 1
github.com/TykTechnologies/portal-go/portal.go:257.17,259.3 1 0
github.com/TykTechnologies/portal-go/portal.go:261.2,262.16 2 1
github.com/TykTechnologies/portal-go/portal.go:262.16,264.3 1 0
github.com/TykTechnologies/portal-go/portal.go:266.2,269.17 3 1
github.com/TykTechnologies/portal-go/portal.go:269.17,271.3 1 0
github.com/TykTechnologies/portal-go/portal.go:273.2,274.23 2 1
github.com/TykTechnologies/portal-go/portal.go:274.23,276.3 1 1
github.com/TykTechnologies/portal-go/portal.go:278.2,280.17 2 1
github.com/TykTechnologies/portal-go/portal.go:283.123,285.2 1 1
github.com/TykTechnologies/portal-go/portal.go:287.140,289.2 1 0
github.com/TykTechnologies/portal-go/portal.go:291.139,293.2 1 0
github.com/TykTechnologies/portal-go/portal.go:301.26,303.2 1 0
github.com/TykTechnologies/portal-go/portal.go:305.114,307.16 2 1
github.com/TykTechnologies/portal-go/portal.go:307.16,309.3 1 0
github.com/TykTechnologies/portal-go/portal.go:311.2,312.16 2 1
github.com/TykTechnologies/portal-go/portal.go:312.16,314.3 1 0
github.com/TykTechnologies/portal-go/portal.go:316.2,316.18 1 1
github.com/TykTechnologies/portal-go/portal.go:319.131,321.16 2 0
github.com/TykTechnologies/portal-go/portal.go:321.16,323.3 1 0
github.com/TykTechnologies/portal-go/portal.go:325.2,326.16 2 0
github.com/TykTechnologies/portal-go/portal.go:326.16,328.3 1 0
github.com/TykTechnologies/portal-go/portal.go:330.2,330.18 1 0
github.com/TykTechnologies/portal-go/portal.go:333.133,335.16 2 0
github.com/TykTechnologies/portal-go/portal.go:335.16,337.3 1 0
github.com/TykTechnologies/portal-go/portal.go:339.2,340.16 2 0
github.com/TykTechnologies/portal-go/portal.go:340.16,342.3 1 0
github.com/TykTechnologies/portal-go/portal.go:344.2,344.18 1 0
github.com/TykTechnologies/portal-go/portal.go:347.130,349.16 2 0
github.com/TykTechnologies/portal-go/portal.go:349.16,351.3 1 0
github.com/TykTechnologies/portal-go/portal.go:353.2,354.16 2 0
github.com/TykTechnologies/portal-go/portal.go:354.16,356.3 1 0
github.com/TykTechnologies/portal-go/portal.go:358.2,358.18 1 0
github.com/TykTechnologies/portal-go/portal.go:361.45,367.2 3 1
github.com/TykTechnologies/portal-go/portal.go:369.110,370.34 1 1
github.com/TykTechnologies/portal-go/portal.go:370.34,372.3 1 0
github.com/TykTechnologies/portal-go/portal.go:374.2,389.33 3 1
github.com/TykTechnologies/portal-go/portal.go:389.33,391.3 1 0
github.com/TykTechnologies/portal-go/portal.go:393.2,403.12 3 1
github.com/TykTechnologies/portal-go/portal.go:403.12,404.54 1 1
github.com/TykTechnologies/portal-go/portal.go:404.54,406.18 2 1
github.com/TykTechnologies/portal-go/portal.go:406.18,408.42 2 0
github.com/TykTechnologies/portal-go/portal.go:408.42,411.14 3 0
github.com/TykTechnologies/portal-go/portal.go:414.5,415.11 2 0
github.com/TykTechnologies/portal-go/portal.go:418.4,418.9 1 1
github.com/TykTechnologies/portal-go/portal.go:421.3,424.17 3 1
github.com/TykTechnologies/portal-go/portal.go:424.17,427.4 2 0
github.com/TykTechnologies/portal-go/portal.go:429.3,434.39 2 1
github.com/TykTechnologies/portal-go/portal.go:434.39,437.4 2 0
github.com/TykTechnologies/portal-go/portal.go:439.3,442.4 1 1
github.com/TykTechnologies/portal-go/portal.go:445.2,445.9 1 1
github.com/TykTechnologies/portal-go/portal.go:446.20,447.39 1 0
github.com/TykTechnologies/portal-go/portal.go:448.21,449.18 1 0
github.com/TykTechnologies/portal-go/portal.go:450.23,451.20 1 1
github.com/TykTechnologies/portal-go/portal.go:460.42,461.34 1 1
github.com/TykTechnologies/portal-go/portal.go:462.16,463.13 1 1
github.com/TykTechnologies/portal-go/portal.go:464.10,469.55 2 0
github.com/TykTechnologies/portal-go/portal.go:469.55,471.4 1 0
github.com/TykTechnologies/portal-go/portal.go:472.3,472.11 1 0
github.com/TykTechnologies/portal-go/portal.go:481.53,483.2 1 1
github.com/TykTechnologies/portal-go/portal.go:489.34,491.2 1 0
github.com/TykTechnologies/portal-go/products.go:30.127,32.16 2 0
github.com/TykTechnologies/portal-go/products.go:32.16,34.3 1 0
github.com/TykTechnologies/portal-go/products.go:36.2,37.16 2 0
github.com/TykTechnologies/portal-go/products.go:37.16,39.3 1 0
github.com/TykTechnologies/portal-go/products.go:41.2,43.49 2 0
github.com/TykTechnologies/portal-go/products.go:43.49,45.3 1 0
github.com/TykTechnologies/portal-go/products.go:47.2,49.8 1 0
github.com/TykTechnologies/portal-go/products.go:52.104,54.16 2 0
github.com/TykTechnologies/portal-go/products.go:54.16,56.3 1 0
github.com/TykTechnologies/portal-go/products.go:58.2,59.49 2 0
github.com/TykTechnologies/portal-go/products.go:59.49,61.3 1 0
github.com/TykTechnologies/portal-go/products.go:63.2,65.8 1 0
github.com/TykTechnologies/portal-go/products.go:68.126,70.16 2 0
github.com/TykTechnologies/portal-go/products.go:70.16,72.3 1 0
github.com/TykTechnologies/portal-go/products.go:74.2,76.50 2 0
github.com/TykTechnologies/portal-go/products.go:76.50,78.3 1 0
github.com/TykTechnologies/portal-go/products.go:80.2,82.8 1 0
github.com/TykTechnologies/portal-go/products.go:85.137,87.16 2 0
github.com/TykTechnologies/portal-go/products.go:87.16,89.3 1 0
github.com/TykTechnologies/portal-go/products.go:91.2,92.16 2 0
github.com/TykTechnologies/portal-go/products.go:92.16,94.3 1 0
github.com/TykTechnologies/portal-go/products.go:96.2,98.49 2 0
github.com/TykTechnologies/portal-go/products.go:98.49,100.3 1 0
github.com/TykTechnologies/portal-go/products.go:102.2,104.8 1 0
github.com/TykTechnologies/portal-go/providers.go:34.131,36.16 2 0
github.com/TykTechnologies/portal-go/providers.go:36.16,38.3 1 0
github.com/TykTechnologies/portal-go/providers.go:40.2,41.16 2 0
github.com/TykTechnologies/portal-go/providers.go:41.16,43.3 1 0
github.com/TykTechnologies/portal-go/providers.go:45.2,47.50 2 0
github.com/TykTechnologies/portal-go/providers.go:47.50,49.3 1 0
github.com/TykTechnologies/portal-go/providers.go:51.2,53.8 1 0
github.com/TykTechnologies/portal-go/providers.go:56.107,58.16 2 0
github.com/TykTechnologies/portal-go/providers.go:58.16,60.3 1 0
github.com/TykTechnologies/portal-go/providers.go:62.2,63.50 2 0
github.com/TykTechnologies/portal-go/providers.go:63.50,65.3 1 0
github.com/TykTechnologies/portal-go/providers.go:67.2,69.8 1 0
github.com/TykTechnologies/portal-go/providers.go:72.113,74.16 2 0
github.com/TykTechnologies/portal-go/providers.go:74.16,76.3 1 0
github.com/TykTechnologies/portal-go/providers.go:78.2,78.34 1 0
github.com/TykTechnologies/portal-go/providers.go:81.130,83.16 2 0
github.com/TykTechnologies/portal-go/providers.go:83.16,85.3 1 0
github.com/TykTechnologies/portal-go/providers.go:87.2,89.51 2 0
github.com/TykTechnologies/portal-go/providers.go:89.51,91.3 1 0
github.com/TykTechnologies/portal-go/providers.go:93.2,95.8 1 0
github.com/TykTechnologies/portal-go/providers.go:103.34,105.16 2 0
github.com/TykTechnologies/portal-go/providers.go:105.16,107.3 1 0
github.com/TykTechnologies/portal-go/providers.go:109.2,109.41 1 0
github.com/TykTechnologies/portal-go/providers.go:109.41,111.3 1 0
github.com/TykTechnologies/portal-go/providers.go:113.2,114.16 2 0
github.com/TykTechnologies/portal-go/providers.go:114.16,116.3 1 0
github.com/TykTechnologies/portal-go/providers.go:118.2,120.50 2 0
github.com/TykTechnologies/portal-go/providers.go:120.50,122.3 1 0
github.com/TykTechnologies/portal-go/providers.go:124.2,126.8 1 0
github.com/TykTechnologies/portal-go/providers.go:129.109,131.16 2 0
github.com/TykTechnologies/portal-go/providers.go:131.16,133.3 1 0
github.com/TykTechnologies/portal-go/providers.go:135.2,137.45 2 0
github.com/TykTechnologies/portal-go/providers.go:137.45,139.3 1 0
github.com/TykTechnologies/portal-go/providers.go:141.2,143.8 1 0
github.com/TykTechnologies/portal-go/providers.go:146.100,148.16 2 0
github.com/TykTechnologies/portal-go/providers.go:148.16,150.3 1 0
github.com/TykTechnologies/portal-go/providers.go:152.2,154.45 2 0
github.com/TykTechnologies/portal-go/providers.go:154.45,156.3 1 0
github.com/TykTechnologies/portal-go/providers.go:158.2,160.8 1 0
github.com/TykTechnologies/portal-go/providers.go:170.41,176.2 1 0
github.com/TykTechnologies/portal-go/types.go:3.31,5.2 1 0
github.com/TykTechnologies/portal-go/types.go:7.36,8.14 1 0
github.com/TykTechnologies/portal-go/types.go:8.14,10.3 1 0
github.com/TykTechnologies/portal-go/types.go:12.2,12.11 1 0
github.com/TykTechnologies/portal-go/types.go:15.28,17.2 1 0
github.com/TykTechnologies/portal-go/types.go:19.33,20.14 1 0
github.com/TykTechnologies/portal-go/types.go:20.14,22.3 1 0
github.com/TykTechnologies/portal-go/types.go:24.2,24.11 1 0
github.com/TykTechnologies/portal-go/users.go:32.115,34.16 2 0
github.com/TykTechnologies/portal-go/users.go:34.16,36.3 1 0
github.com/TykTechnologies/portal-go/users.go:38.2,38.30 1 0
github.com/TykTechnologies/portal-go/users.go:38.30,39.42 1 0
github.com/TykTechnologies/portal-go/users.go:39.42,41.4 1 0
github.com/TykTechnologies/portal-go/users.go:44.2,45.16 2 0
github.com/TykTechnologies/portal-go/users.go:45.16,47.3 1 0
github.com/TykTechnologies/portal-go/users.go:49.2,51.46 2 0
github.com/TykTechnologies/portal-go/users.go:51.46,53.3 1 0
github.com/TykTechnologies/portal-go/users.go:55.2,57.8 1 0
github.com/TykTechnologies/portal-go/users.go:60.95,62.16 2 1
github.com/TykTechnologies/portal-go/users.go:62.16,64.3 1 0
github.com/TykTechnologies/portal-go/users.go:66.2,67.46 2 1
github.com/TykTechnologies/portal-go/users.go:67.46,69.3 1 0
github.com/TykTechnologies/portal-go/users.go:71.2,73.8 1 1
github.com/TykTechnologies/portal-go/users.go:76.114,78.16 2 0
github.com/TykTechnologies/portal-go/users.go:78.16,80.3 1 0
github.com/TykTechnologies/portal-go/users.go:82.2,84.47 2 0
github.com/TykTechnologies/portal-go/users.go:84.47,86.3 1 0
github.com/TykTechnologies/portal-go/users.go:88.2,90.8 1 0
github.com/TykTechnologies/portal-go/users.go:93.125,97.16 3 0
github.com/TykTechnologies/portal-go/users.go:97.16,99.3 1 0
github.com/TykTechnologies/portal-go/users.go:101.2,102.16 2 0
github.com/TykTechnologies/portal-go/users.go:102.16,104.3 1 0
github.com/TykTechnologies/portal-go/users.go:106.2,108.46 2 0
github.com/TykTechnologies/portal-go/users.go:108.46,110.3 1 0
github.com/TykTechnologies/portal-go/users.go:112.2,114.8 1 0
github.com/TykTechnologies/portal-go/users.go:117.101,119.16 2 0
github.com/TykTechnologies/portal-go/users.go:119.16,121.3 1 0
github.com/TykTechnologies/portal-go/users.go:123.2,123.30 1 0
github.com/TykTechnologies/portal-go/users.go:138.37,139.19 1 0
github.com/TykTechnologies/portal-go/users.go:139.19,141.3 1 0
github.com/TykTechnologies/portal-go/users.go:143.2,143.19 1 0
github.com/TykTechnologies/portal-go/users.go:143.19,145.3 1 0
github.com/TykTechnologies/portal-go/users.go:147.2,147.12 1 0
